<?xml version="1.0" encoding="UTF-8"?>
<testsuite xmlns:xsi="http://www.w3.org/2001/XMLSchema-instance" xsi:noNamespaceSchemaLocation="https://maven.apache.org/surefire/maven-surefire-plugin/xsd/surefire-test-report-3.0.xsd" version="3.0" name="edu.brandeis.cosi103a.groupb.EngineTest" time="0.04" tests="14" errors="0" skipped="0" failures="0">
  <properties>
[...]
</properties>
  <testcase name="testProcessHackEffect" classname="edu.brandeis.cosi103a.groupb.EngineTest" time="0.002">
    <system-out><![CDATA[Physical deck initialized with 260 cards.
Initialized Nancy's draw deck.
Nancy draws [Bitcoin(id: 36)] from draw deck.
Nancy draws [Method(id: 12)] from draw deck.
Nancy draws [Bitcoin(id: 31)] from draw deck.
Nancy draws [Bitcoin(id: 38)] from draw deck.
Nancy draws [Method(id: 1)] from draw deck.
[LOG] Nancy -- Turn 1.

Processing HACK effect for Nancy
Abby lacks MONITORING and must discard down to 3 cards.
Abby now has 0 unplayed card(s).
Nancy gains 2 money from HACK attack. Money now: 2
]]></system-out>
  </testcase>
  <testcase name="testProcessTechDebtEffect" classname="edu.brandeis.cosi103a.groupb.EngineTest" time="0.002">
    <system-out><![CDATA[Physical deck initialized with 260 cards.
Initialized Nancy's draw deck.
Nancy draws [Bitcoin(id: 24)] from draw deck.
Nancy draws [Bitcoin(id: 44)] from draw deck.
Nancy draws [Method(id: 12)] from draw deck.
Nancy draws [Method(id: 4)] from draw deck.
Nancy draws [Method(id: 11)] from draw deck.
[LOG] Nancy -- Turn 1.

Processing TECH_DEBT effect for Nancy
Nancy draws [Bitcoin(id: 27)] from draw deck.
Nancy updated actions are 1 and buys are 1
]]></system-out>
  </testcase>
  <testcase name="testMonitoringReactionEvergreenTestEffect" classname="edu.brandeis.cosi103a.groupb.EngineTest" time="0.003">
    <system-out><![CDATA[Physical deck initialized with 260 cards.
Initialized Abby's draw deck.
Abby draws [Bitcoin(id: 36)] from draw deck.
Abby draws [Bitcoin(id: 14)] from draw deck.
Abby draws [Bitcoin(id: 42)] from draw deck.
Abby draws [Bitcoin(id: 10)] from draw deck.
Abby draws [Bitcoin(id: 59)] from draw deck.
[LOG] Abby -- Turn 1.

Processing EVERGREEN_TEST effect for Abby
Abby draws [Bitcoin(id: 4)] from draw deck.
Abby draws [Method(id: 4)] from draw deck.
Nancy reveals a MONITORING card to avoid EVERGREEN attack.
[LOG] Nancy played card: [Monitoring(id: 1000)]

WARNING: Player Nancy does not have enough cards to draw a full hand!
]]></system-out>
  </testcase>
  <testcase name="testProcessEvergreenTestEffect" classname="edu.brandeis.cosi103a.groupb.EngineTest" time="0">
    <system-out><![CDATA[Physical deck initialized with 260 cards.
Initialized Nancy's draw deck.
Nancy draws [Bitcoin(id: 5)] from draw deck.
Nancy draws [Bitcoin(id: 8)] from draw deck.
Nancy draws [Bitcoin(id: 34)] from draw deck.
Nancy draws [Bitcoin(id: 6)] from draw deck.
Nancy draws [Bitcoin(id: 33)] from draw deck.
[LOG] Nancy -- Turn 1.

Processing EVERGREEN_TEST effect for Nancy
Nancy draws [Bitcoin(id: 31)] from draw deck.
Nancy draws [Method(id: 7)] from draw deck.
Abby lacks MONITORING and gains a BUG card.
[LOG] Abby gained card: Bug

BUG card added to Abby's discard deck due to EVERGREEN_TEST.
]]></system-out>
  </testcase>
  <testcase name="testInitializeGameState" classname="edu.brandeis.cosi103a.groupb.EngineTest" time="0.002">
    <system-out><![CDATA[Physical deck initialized with 260 cards.
Initialized Nancy's draw deck.
Nancy draws [Bitcoin(id: 59)] from draw deck.
Nancy draws [Method(id: 12)] from draw deck.
Nancy draws [Method(id: 10)] from draw deck.
Nancy draws [Bitcoin(id: 5)] from draw deck.
Nancy draws [Bitcoin(id: 51)] from draw deck.
[LOG] Nancy -- Turn 1.

Initialized Abby's draw deck.
Abby draws [Bitcoin(id: 47)] from draw deck.
Abby draws [Bitcoin(id: 24)] from draw deck.
Abby draws [Bitcoin(id: 36)] from draw deck.
Abby draws [Bitcoin(id: 30)] from draw deck.
Abby draws [Method(id: 6)] from draw deck.
[LOG] Abby -- Turn 1.

]]></system-out>
  </testcase>
  <testcase name="testPhasesAgainAndAgain" classname="edu.brandeis.cosi103a.groupb.EngineTest" time="0.004">
    <system-out><![CDATA[Physical deck initialized with 260 cards.
Initialized Nancy's draw deck.
Nancy draws [Bitcoin(id: 12)] from draw deck.
Nancy draws [Bitcoin(id: 38)] from draw deck.
Nancy draws [Bitcoin(id: 52)] from draw deck.
Nancy draws [Method(id: 3)] from draw deck.
Nancy draws [Bitcoin(id: 53)] from draw deck.
[LOG] Nancy -- Turn 1.

[LOG] Nancy -- begins ACTION phase.

[LOG] Nancy -- ends ACTION phase.

[LOG] Nancy played card: [Bitcoin(id: 12)]

[LOG] Nancy played card: [Bitcoin(id: 38)]

[LOG] Nancy played card: [Bitcoin(id: 52)]

[LOG] Nancy played card: [Bitcoin(id: 53)]

[LOG] Nancy gained card: Ethereum

Discard Deck: [Ethereum(id: 21)]

Discard Deck: [Ethereum(id: 21)]
[Bitcoin(id: 12)]
[Bitcoin(id: 38)]
[Bitcoin(id: 52)]
[Bitcoin(id: 53)]
[Method(id: 3)]

Nancy draws [Bitcoin(id: 32)] from draw deck.
Nancy draws [Bitcoin(id: 4)] from draw deck.
Nancy draws [Method(id: 11)] from draw deck.
Nancy draws [Method(id: 4)] from draw deck.
Nancy draws [Bitcoin(id: 29)] from draw deck.
[LOG] Nancy -- Turn 1.

[LOG] Nancy's turn ends

[LOG] Nancy -- begins ACTION phase.

[LOG] Nancy -- ends ACTION phase.

[LOG] Nancy played card: [Bitcoin(id: 32)]

[LOG] Nancy played card: [Bitcoin(id: 4)]

[LOG] Nancy played card: [Bitcoin(id: 29)]

[LOG] Nancy gained card: Ethereum

Discard Deck: [Ethereum(id: 21)]
[Bitcoin(id: 12)]
[Bitcoin(id: 38)]
[Bitcoin(id: 52)]
[Bitcoin(id: 53)]
[Method(id: 3)]
[Ethereum(id: 19)]

Discard Deck: [Ethereum(id: 21)]
[Bitcoin(id: 12)]
[Bitcoin(id: 38)]
[Bitcoin(id: 52)]
[Bitcoin(id: 53)]
[Method(id: 3)]
[Ethereum(id: 19)]
[Bitcoin(id: 32)]
[Bitcoin(id: 4)]
[Bitcoin(id: 29)]
[Method(id: 11)]
[Method(id: 4)]

Nancy draws [Bitcoin(id: 53)] from draw deck.
Nancy draws [Bitcoin(id: 52)] from draw deck.
Nancy draws [Ethereum(id: 19)] from draw deck.
Nancy draws [Bitcoin(id: 4)] from draw deck.
Nancy draws [Bitcoin(id: 29)] from draw deck.
[LOG] Nancy -- Turn 1.

[LOG] Nancy's turn ends

[LOG] Nancy -- begins ACTION phase.

[LOG] Nancy -- ends ACTION phase.

[LOG] Nancy played card: [Bitcoin(id: 53)]

[LOG] Nancy played card: [Bitcoin(id: 52)]

[LOG] Nancy played card: [Ethereum(id: 19)]

[LOG] Nancy played card: [Bitcoin(id: 4)]

[LOG] Nancy played card: [Bitcoin(id: 29)]

[LOG] Nancy gained card: Dogecoin

Discard Deck: [Dogecoin(id: 4)]

Discard Deck: [Dogecoin(id: 4)]
[Bitcoin(id: 53)]
[Bitcoin(id: 52)]
[Ethereum(id: 19)]
[Bitcoin(id: 4)]
[Bitcoin(id: 29)]

Nancy draws [Bitcoin(id: 38)] from draw deck.
Nancy draws [Bitcoin(id: 32)] from draw deck.
Nancy draws [Method(id: 4)] from draw deck.
Nancy draws [Method(id: 11)] from draw deck.
Nancy draws [Ethereum(id: 21)] from draw deck.
[LOG] Nancy -- Turn 1.

[LOG] Nancy's turn ends

[LOG] Nancy -- begins ACTION phase.

[LOG] Nancy -- ends ACTION phase.

[LOG] Nancy played card: [Bitcoin(id: 38)]

[LOG] Nancy played card: [Bitcoin(id: 32)]

[LOG] Nancy played card: [Ethereum(id: 21)]

[LOG] Nancy gained card: Ethereum

Discard Deck: [Dogecoin(id: 4)]
[Bitcoin(id: 53)]
[Bitcoin(id: 52)]
[Ethereum(id: 19)]
[Bitcoin(id: 4)]
[Bitcoin(id: 29)]
[Ethereum(id: 11)]

Discard Deck: [Dogecoin(id: 4)]
[Bitcoin(id: 53)]
[Bitcoin(id: 52)]
[Ethereum(id: 19)]
[Bitcoin(id: 4)]
[Bitcoin(id: 29)]
[Ethereum(id: 11)]
[Bitcoin(id: 38)]
[Bitcoin(id: 32)]
[Ethereum(id: 21)]
[Method(id: 4)]
[Method(id: 11)]

Nancy draws [Method(id: 3)] from draw deck.
Nancy draws [Bitcoin(id: 12)] from draw deck.
Nancy draws [Ethereum(id: 19)] from draw deck.
Nancy draws [Dogecoin(id: 4)] from draw deck.
Nancy draws [Method(id: 4)] from draw deck.
[LOG] Nancy -- Turn 1.

[LOG] Nancy's turn ends

]]></system-out>
  </testcase>
  <testcase name="testProcessRefactorEffect" classname="edu.brandeis.cosi103a.groupb.EngineTest" time="0.002">
    <system-out><![CDATA[Physical deck initialized with 260 cards.
Initialized Nancy's draw deck.
Nancy draws [Bitcoin(id: 17)] from draw deck.
Nancy draws [Bitcoin(id: 57)] from draw deck.
Nancy draws [Method(id: 6)] from draw deck.
Nancy draws [Bitcoin(id: 9)] from draw deck.
Nancy draws [Method(id: 10)] from draw deck.
[LOG] Nancy -- Turn 1.

Processing REFACTOR effect for Nancy
[LOG] Nancy trashed card: Bitcoin

Nancy trashes [Bitcoin(id: 17)] via REFACTOR.
[LOG] Nancy gained card: Method

Nancy gains a METHOD card via REFACTOR.
]]></system-out>
  </testcase>
  <testcase name="testProcessCodeReviewEffect" classname="edu.brandeis.cosi103a.groupb.EngineTest" time="0.001">
    <system-out><![CDATA[Physical deck initialized with 260 cards.
Initialized Nancy's draw deck.
Nancy draws [Method(id: 1)] from draw deck.
Nancy draws [Bitcoin(id: 12)] from draw deck.
Nancy draws [Bitcoin(id: 42)] from draw deck.
Nancy draws [Method(id: 5)] from draw deck.
Nancy draws [Bitcoin(id: 10)] from draw deck.
[LOG] Nancy -- Turn 1.

Processing CODE_REVIEW effect for Nancy
Nancy draws [Bitcoin(id: 51)] from draw deck.
Nancy draws 1 card. The available actions are updated to: 2
]]></system-out>
  </testcase>
  <testcase name="testInitializeDeck" classname="edu.brandeis.cosi103a.groupb.EngineTest" time="0.001">
    <system-out><![CDATA[Physical deck initialized with 260 cards.
]]></system-out>
  </testcase>
  <testcase name="testProcessDailyScrumEffect" classname="edu.brandeis.cosi103a.groupb.EngineTest" time="0.002">
    <system-out><![CDATA[Physical deck initialized with 260 cards.
Initialized Nancy's draw deck.
Nancy draws [Method(id: 12)] from draw deck.
Nancy draws [Method(id: 8)] from draw deck.
Nancy draws [Bitcoin(id: 16)] from draw deck.
Nancy draws [Bitcoin(id: 11)] from draw deck.
Nancy draws [Bitcoin(id: 1)] from draw deck.
[LOG] Nancy -- Turn 1.

Processing DAILY_SCRUM effect for Nancy
Nancy draws [Bitcoin(id: 45)] from draw deck.
Nancy draws [Method(id: 11)] from draw deck.
Nancy draws [Bitcoin(id: 19)] from draw deck.
Nancy draws [Bitcoin(id: 54)] from draw deck.
Nancy draws 4 cards. The available buy is updated to: 1
WARNING: Player Abby does not have enough cards to draw a full hand!
]]></system-out>
  </testcase>
  <testcase name="testProcessParallelizationEffect" classname="edu.brandeis.cosi103a.groupb.EngineTest" time="0.001">
    <system-out><![CDATA[Physical deck initialized with 260 cards.
Initialized Nancy's draw deck.
Nancy draws [Bitcoin(id: 43)] from draw deck.
Nancy draws [Bitcoin(id: 4)] from draw deck.
Nancy draws [Method(id: 2)] from draw deck.
Nancy draws [Bitcoin(id: 18)] from draw deck.
Nancy draws [Bitcoin(id: 48)] from draw deck.
[LOG] Nancy -- Turn 1.

Processing PARALLELIZATION effect for Nancy
No available action to duplicate.
]]></system-out>
  </testcase>
  <testcase name="calculateAPs" classname="edu.brandeis.cosi103a.groupb.EngineTest" time="0.009">
    <system-out><![CDATA[Physical deck initialized with 260 cards.
Initialized Nancy's draw deck.
Nancy draws [Bitcoin(id: 51)] from draw deck.
Nancy draws [Bitcoin(id: 42)] from draw deck.
Nancy draws [Method(id: 0)] from draw deck.
Nancy draws [Bitcoin(id: 0)] from draw deck.
Nancy draws [Bitcoin(id: 6)] from draw deck.
[LOG] Nancy -- Turn 1.

[LOG] Nancy -- begins ACTION phase.

[LOG] Nancy -- ends ACTION phase.

[LOG] Nancy played card: [Bitcoin(id: 51)]

[LOG] Nancy played card: [Bitcoin(id: 42)]

[LOG] Nancy played card: [Bitcoin(id: 0)]

[LOG] Nancy played card: [Bitcoin(id: 6)]

[LOG] Nancy gained card: Ethereum

Discard Deck: [Ethereum(id: 39)]

Discard Deck: [Ethereum(id: 39)]
[Bitcoin(id: 51)]
[Bitcoin(id: 42)]
[Bitcoin(id: 0)]
[Bitcoin(id: 6)]
[Method(id: 0)]

Nancy draws [Bitcoin(id: 31)] from draw deck.
Nancy draws [Method(id: 2)] from draw deck.
Nancy draws [Bitcoin(id: 19)] from draw deck.
Nancy draws [Method(id: 5)] from draw deck.
Nancy draws [Bitcoin(id: 11)] from draw deck.
[LOG] Nancy -- Turn 1.

[LOG] Nancy's turn ends

[LOG] Nancy -- begins ACTION phase.

[LOG] Nancy -- ends ACTION phase.

[LOG] Nancy played card: [Bitcoin(id: 31)]

[LOG] Nancy played card: [Bitcoin(id: 19)]

[LOG] Nancy played card: [Bitcoin(id: 11)]

[LOG] Nancy gained card: Ethereum

Discard Deck: [Ethereum(id: 39)]
[Bitcoin(id: 51)]
[Bitcoin(id: 42)]
[Bitcoin(id: 0)]
[Bitcoin(id: 6)]
[Method(id: 0)]
[Ethereum(id: 36)]

Discard Deck: [Ethereum(id: 39)]
[Bitcoin(id: 51)]
[Bitcoin(id: 42)]
[Bitcoin(id: 0)]
[Bitcoin(id: 6)]
[Method(id: 0)]
[Ethereum(id: 36)]
[Bitcoin(id: 31)]
[Bitcoin(id: 19)]
[Bitcoin(id: 11)]
[Method(id: 2)]
[Method(id: 5)]

Nancy draws [Ethereum(id: 36)] from draw deck.
Nancy draws [Method(id: 0)] from draw deck.
Nancy draws [Method(id: 5)] from draw deck.
Nancy draws [Bitcoin(id: 51)] from draw deck.
Nancy draws [Bitcoin(id: 6)] from draw deck.
[LOG] Nancy -- Turn 1.

[LOG] Nancy's turn ends

[LOG] Nancy -- begins ACTION phase.

[LOG] Nancy -- ends ACTION phase.

[LOG] Nancy played card: [Ethereum(id: 36)]

[LOG] Nancy played card: [Bitcoin(id: 51)]

[LOG] Nancy played card: [Bitcoin(id: 6)]

[LOG] Nancy gained card: Ethereum

Discard Deck: [Ethereum(id: 3)]

Discard Deck: [Ethereum(id: 3)]
[Ethereum(id: 36)]
[Bitcoin(id: 51)]
[Bitcoin(id: 6)]
[Method(id: 0)]
[Method(id: 5)]

Nancy draws [Method(id: 2)] from draw deck.
Nancy draws [Ethereum(id: 39)] from draw deck.
Nancy draws [Bitcoin(id: 42)] from draw deck.
Nancy draws [Bitcoin(id: 31)] from draw deck.
Nancy draws [Bitcoin(id: 0)] from draw deck.
[LOG] Nancy -- Turn 1.

[LOG] Nancy's turn ends

[LOG] Nancy -- begins ACTION phase.

[LOG] Nancy -- ends ACTION phase.

[LOG] Nancy played card: [Ethereum(id: 39)]

[LOG] Nancy played card: [Bitcoin(id: 42)]

[LOG] Nancy played card: [Bitcoin(id: 31)]

[LOG] Nancy played card: [Bitcoin(id: 0)]

[LOG] Nancy gained card: Module

Discard Deck: [Ethereum(id: 3)]
[Ethereum(id: 36)]
[Bitcoin(id: 51)]
[Bitcoin(id: 6)]
[Method(id: 0)]
[Method(id: 5)]
[Module(id: 7)]

Discard Deck: [Ethereum(id: 3)]
[Ethereum(id: 36)]
[Bitcoin(id: 51)]
[Bitcoin(id: 6)]
[Method(id: 0)]
[Method(id: 5)]
[Module(id: 7)]
[Ethereum(id: 39)]
[Bitcoin(id: 42)]
[Bitcoin(id: 31)]
[Bitcoin(id: 0)]
[Method(id: 2)]

Nancy draws [Bitcoin(id: 19)] from draw deck.
Nancy draws [Bitcoin(id: 11)] from draw deck.
Nancy draws [Bitcoin(id: 6)] from draw deck.
Nancy draws [Module(id: 7)] from draw deck.
Nancy draws [Method(id: 5)] from draw deck.
[LOG] Nancy -- Turn 1.

[LOG] Nancy's turn ends

[LOG] Nancy -- begins ACTION phase.

[LOG] Nancy -- ends ACTION phase.

[LOG] Nancy played card: [Bitcoin(id: 19)]

[LOG] Nancy played card: [Bitcoin(id: 11)]

[LOG] Nancy played card: [Bitcoin(id: 6)]

[LOG] Nancy gained card: Ethereum

Discard Deck: [Ethereum(id: 8)]

Discard Deck: [Ethereum(id: 8)]
[Bitcoin(id: 19)]
[Bitcoin(id: 11)]
[Bitcoin(id: 6)]
[Module(id: 7)]
[Method(id: 5)]

Nancy draws [Method(id: 2)] from draw deck.
Nancy draws [Method(id: 0)] from draw deck.
Nancy draws [Ethereum(id: 39)] from draw deck.
Nancy draws [Bitcoin(id: 31)] from draw deck.
Nancy draws [Ethereum(id: 3)] from draw deck.
[LOG] Nancy -- Turn 1.

[LOG] Nancy's turn ends

[LOG] Nancy -- begins ACTION phase.

[LOG] Nancy -- ends ACTION phase.

[LOG] Nancy played card: [Ethereum(id: 39)]

[LOG] Nancy played card: [Bitcoin(id: 31)]

[LOG] Nancy played card: [Ethereum(id: 3)]

[LOG] Nancy gained card: Module

Discard Deck: [Ethereum(id: 8)]
[Bitcoin(id: 19)]
[Bitcoin(id: 11)]
[Bitcoin(id: 6)]
[Module(id: 7)]
[Method(id: 5)]
[Module(id: 1)]

Discard Deck: [Ethereum(id: 8)]
[Bitcoin(id: 19)]
[Bitcoin(id: 11)]
[Bitcoin(id: 6)]
[Module(id: 7)]
[Method(id: 5)]
[Module(id: 1)]
[Ethereum(id: 39)]
[Bitcoin(id: 31)]
[Ethereum(id: 3)]
[Method(id: 2)]
[Method(id: 0)]

Nancy draws [Bitcoin(id: 0)] from draw deck.
Nancy draws [Bitcoin(id: 51)] from draw deck.
Nancy draws [Ethereum(id: 36)] from draw deck.
Nancy draws [Bitcoin(id: 42)] from draw deck.
Nancy draws [Method(id: 0)] from draw deck.
[LOG] Nancy -- Turn 1.

[LOG] Nancy's turn ends

[LOG] Nancy -- begins ACTION phase.

[LOG] Nancy -- ends ACTION phase.

[LOG] Nancy played card: [Bitcoin(id: 0)]

[LOG] Nancy played card: [Bitcoin(id: 51)]

[LOG] Nancy played card: [Ethereum(id: 36)]

[LOG] Nancy played card: [Bitcoin(id: 42)]

[LOG] Nancy gained card: Module

Discard Deck: [Module(id: 6)]

Discard Deck: [Module(id: 6)]
[Bitcoin(id: 0)]
[Bitcoin(id: 51)]
[Ethereum(id: 36)]
[Bitcoin(id: 42)]
[Method(id: 0)]

Nancy draws [Method(id: 2)] from draw deck.
Nancy draws [Bitcoin(id: 6)] from draw deck.
Nancy draws [Bitcoin(id: 11)] from draw deck.
Nancy draws [Bitcoin(id: 19)] from draw deck.
Nancy draws [Module(id: 7)] from draw deck.
[LOG] Nancy -- Turn 1.

[LOG] Nancy's turn ends

[LOG] Nancy -- begins ACTION phase.

[LOG] Nancy -- ends ACTION phase.

[LOG] Nancy played card: [Bitcoin(id: 6)]

[LOG] Nancy played card: [Bitcoin(id: 11)]

[LOG] Nancy played card: [Bitcoin(id: 19)]

[LOG] Nancy gained card: Ethereum

Discard Deck: [Module(id: 6)]
[Bitcoin(id: 0)]
[Bitcoin(id: 51)]
[Ethereum(id: 36)]
[Bitcoin(id: 42)]
[Method(id: 0)]
[Ethereum(id: 0)]

Discard Deck: [Module(id: 6)]
[Bitcoin(id: 0)]
[Bitcoin(id: 51)]
[Ethereum(id: 36)]
[Bitcoin(id: 42)]
[Method(id: 0)]
[Ethereum(id: 0)]
[Bitcoin(id: 6)]
[Bitcoin(id: 11)]
[Bitcoin(id: 19)]
[Method(id: 2)]
[Module(id: 7)]

Nancy draws [Ethereum(id: 8)] from draw deck.
Nancy draws [Bitcoin(id: 31)] from draw deck.
Nancy draws [Ethereum(id: 3)] from draw deck.
Nancy draws [Module(id: 1)] from draw deck.
Nancy draws [Method(id: 5)] from draw deck.
[LOG] Nancy -- Turn 1.

[LOG] Nancy's turn ends

[LOG] Nancy -- begins ACTION phase.

[LOG] Nancy -- ends ACTION phase.

[LOG] Nancy played card: [Ethereum(id: 8)]

[LOG] Nancy played card: [Bitcoin(id: 31)]

[LOG] Nancy played card: [Ethereum(id: 3)]

[LOG] Nancy gained card: Module

Discard Deck: [Module(id: 6)]
[Bitcoin(id: 0)]
[Bitcoin(id: 51)]
[Ethereum(id: 36)]
[Bitcoin(id: 42)]
[Method(id: 0)]
[Ethereum(id: 0)]
[Bitcoin(id: 6)]
[Bitcoin(id: 11)]
[Bitcoin(id: 19)]
[Method(id: 2)]
[Module(id: 7)]
[Module(id: 0)]

Discard Deck: [Module(id: 6)]
[Bitcoin(id: 0)]
[Bitcoin(id: 51)]
[Ethereum(id: 36)]
[Bitcoin(id: 42)]
[Method(id: 0)]
[Ethereum(id: 0)]
[Bitcoin(id: 6)]
[Bitcoin(id: 11)]
[Bitcoin(id: 19)]
[Method(id: 2)]
[Module(id: 7)]
[Module(id: 0)]
[Ethereum(id: 8)]
[Bitcoin(id: 31)]
[Ethereum(id: 3)]
[Module(id: 1)]
[Method(id: 5)]

Nancy draws [Ethereum(id: 39)] from draw deck.
Nancy draws [Module(id: 1)] from draw deck.
Nancy draws [Module(id: 6)] from draw deck.
Nancy draws [Ethereum(id: 36)] from draw deck.
Nancy draws [Module(id: 7)] from draw deck.
[LOG] Nancy -- Turn 1.

[LOG] Nancy's turn ends

[LOG] Nancy -- begins ACTION phase.

[LOG] Nancy -- ends ACTION phase.

[LOG] Nancy played card: [Ethereum(id: 39)]

[LOG] Nancy played card: [Ethereum(id: 36)]

[LOG] Nancy gained card: Ethereum

Discard Deck: [Ethereum(id: 27)]

Discard Deck: [Ethereum(id: 27)]
[Ethereum(id: 39)]
[Ethereum(id: 36)]
[Module(id: 1)]
[Module(id: 6)]
[Module(id: 7)]

Nancy draws [Method(id: 2)] from draw deck.
Nancy draws [Module(id: 0)] from draw deck.
Nancy draws [Bitcoin(id: 11)] from draw deck.
Nancy draws [Bitcoin(id: 42)] from draw deck.
Nancy draws [Method(id: 5)] from draw deck.
[LOG] Nancy -- Turn 1.

[LOG] Nancy's turn ends

[LOG] Nancy -- begins ACTION phase.

[LOG] Nancy -- ends ACTION phase.

[LOG] Nancy played card: [Bitcoin(id: 11)]

[LOG] Nancy played card: [Bitcoin(id: 42)]

[LOG] Nancy gained card: Method

Discard Deck: [Ethereum(id: 27)]
[Ethereum(id: 39)]
[Ethereum(id: 36)]
[Module(id: 1)]
[Module(id: 6)]
[Module(id: 7)]
[Method(id: 3)]

Discard Deck: [Ethereum(id: 27)]
[Ethereum(id: 39)]
[Ethereum(id: 36)]
[Module(id: 1)]
[Module(id: 6)]
[Module(id: 7)]
[Method(id: 3)]
[Bitcoin(id: 11)]
[Bitcoin(id: 42)]
[Method(id: 2)]
[Module(id: 0)]
[Method(id: 5)]

Nancy draws [Bitcoin(id: 6)] from draw deck.
Nancy draws [Ethereum(id: 0)] from draw deck.
Nancy draws [Bitcoin(id: 31)] from draw deck.
Nancy draws [Bitcoin(id: 19)] from draw deck.
Nancy draws [Bitcoin(id: 51)] from draw deck.
[LOG] Nancy -- Turn 1.

[LOG] Nancy's turn ends

[LOG] Nancy -- begins ACTION phase.

[LOG] Nancy -- ends ACTION phase.

[LOG] Nancy played card: [Bitcoin(id: 6)]

[LOG] Nancy played card: [Ethereum(id: 0)]

[LOG] Nancy played card: [Bitcoin(id: 31)]

[LOG] Nancy played card: [Bitcoin(id: 19)]

[LOG] Nancy played card: [Bitcoin(id: 51)]

[LOG] Nancy gained card: Dogecoin

Discard Deck: [Ethereum(id: 27)]
[Ethereum(id: 39)]
[Ethereum(id: 36)]
[Module(id: 1)]
[Module(id: 6)]
[Module(id: 7)]
[Method(id: 3)]
[Bitcoin(id: 11)]
[Bitcoin(id: 42)]
[Method(id: 2)]
[Module(id: 0)]
[Method(id: 5)]
[Dogecoin(id: 29)]

Discard Deck: [Ethereum(id: 27)]
[Ethereum(id: 39)]
[Ethereum(id: 36)]
[Module(id: 1)]
[Module(id: 6)]
[Module(id: 7)]
[Method(id: 3)]
[Bitcoin(id: 11)]
[Bitcoin(id: 42)]
[Method(id: 2)]
[Module(id: 0)]
[Method(id: 5)]
[Dogecoin(id: 29)]
[Bitcoin(id: 6)]
[Ethereum(id: 0)]
[Bitcoin(id: 31)]
[Bitcoin(id: 19)]
[Bitcoin(id: 51)]

Nancy draws [Ethereum(id: 3)] from draw deck.
Nancy draws [Bitcoin(id: 0)] from draw deck.
Nancy draws [Ethereum(id: 8)] from draw deck.
Nancy draws [Method(id: 0)] from draw deck.
Nancy draws [Bitcoin(id: 6)] from draw deck.
[LOG] Nancy -- Turn 1.

[LOG] Nancy's turn ends

[LOG] Nancy -- begins ACTION phase.

[LOG] Nancy -- ends ACTION phase.

[LOG] Nancy played card: [Ethereum(id: 3)]

[LOG] Nancy played card: [Bitcoin(id: 0)]

[LOG] Nancy played card: [Ethereum(id: 8)]

[LOG] Nancy played card: [Bitcoin(id: 6)]

[LOG] Nancy gained card: Dogecoin

Discard Deck: [Dogecoin(id: 20)]

Discard Deck: [Dogecoin(id: 20)]
[Ethereum(id: 3)]
[Bitcoin(id: 0)]
[Ethereum(id: 8)]
[Bitcoin(id: 6)]
[Method(id: 0)]

Nancy draws [Module(id: 7)] from draw deck.
Nancy draws [Method(id: 2)] from draw deck.
Nancy draws [Module(id: 0)] from draw deck.
Nancy draws [Dogecoin(id: 29)] from draw deck.
Nancy draws [Ethereum(id: 0)] from draw deck.
[LOG] Nancy -- Turn 1.

[LOG] Nancy's turn ends

[LOG] Nancy -- begins ACTION phase.

[LOG] Nancy -- ends ACTION phase.

[LOG] Nancy played card: [Dogecoin(id: 29)]

[LOG] Nancy played card: [Ethereum(id: 0)]

[LOG] Nancy gained card: Module

Discard Deck: [Dogecoin(id: 20)]
[Ethereum(id: 3)]
[Bitcoin(id: 0)]
[Ethereum(id: 8)]
[Bitcoin(id: 6)]
[Method(id: 0)]
[Module(id: 3)]

Discard Deck: [Dogecoin(id: 20)]
[Ethereum(id: 3)]
[Bitcoin(id: 0)]
[Ethereum(id: 8)]
[Bitcoin(id: 6)]
[Method(id: 0)]
[Module(id: 3)]
[Dogecoin(id: 29)]
[Ethereum(id: 0)]
[Module(id: 7)]
[Method(id: 2)]
[Module(id: 0)]

Nancy draws [Module(id: 6)] from draw deck.
Nancy draws [Bitcoin(id: 42)] from draw deck.
Nancy draws [Method(id: 5)] from draw deck.
Nancy draws [Bitcoin(id: 19)] from draw deck.
Nancy draws [Ethereum(id: 36)] from draw deck.
[LOG] Nancy -- Turn 1.

[LOG] Nancy's turn ends

[LOG] Nancy -- begins ACTION phase.

[LOG] Nancy -- ends ACTION phase.

[LOG] Nancy played card: [Bitcoin(id: 42)]

[LOG] Nancy played card: [Bitcoin(id: 19)]

[LOG] Nancy played card: [Ethereum(id: 36)]

[LOG] Nancy gained card: Ethereum

Discard Deck: [Dogecoin(id: 20)]
[Ethereum(id: 3)]
[Bitcoin(id: 0)]
[Ethereum(id: 8)]
[Bitcoin(id: 6)]
[Method(id: 0)]
[Module(id: 3)]
[Dogecoin(id: 29)]
[Ethereum(id: 0)]
[Module(id: 7)]
[Method(id: 2)]
[Module(id: 0)]
[Ethereum(id: 38)]

Discard Deck: [Dogecoin(id: 20)]
[Ethereum(id: 3)]
[Bitcoin(id: 0)]
[Ethereum(id: 8)]
[Bitcoin(id: 6)]
[Method(id: 0)]
[Module(id: 3)]
[Dogecoin(id: 29)]
[Ethereum(id: 0)]
[Module(id: 7)]
[Method(id: 2)]
[Module(id: 0)]
[Ethereum(id: 38)]
[Bitcoin(id: 42)]
[Bitcoin(id: 19)]
[Ethereum(id: 36)]
[Module(id: 6)]
[Method(id: 5)]

Nancy draws [Ethereum(id: 27)] from draw deck.
Nancy draws [Method(id: 3)] from draw deck.
Nancy draws [Ethereum(id: 39)] from draw deck.
Nancy draws [Bitcoin(id: 51)] from draw deck.
Nancy draws [Bitcoin(id: 31)] from draw deck.
[LOG] Nancy -- Turn 1.

[LOG] Nancy's turn ends

[LOG] Nancy -- begins ACTION phase.

[LOG] Nancy -- ends ACTION phase.

[LOG] Nancy played card: [Ethereum(id: 27)]

[LOG] Nancy played card: [Ethereum(id: 39)]

[LOG] Nancy played card: [Bitcoin(id: 51)]

[LOG] Nancy played card: [Bitcoin(id: 31)]

[LOG] Nancy gained card: Dogecoin

Discard Deck: [Dogecoin(id: 20)]
[Ethereum(id: 3)]
[Bitcoin(id: 0)]
[Ethereum(id: 8)]
[Bitcoin(id: 6)]
[Method(id: 0)]
[Module(id: 3)]
[Dogecoin(id: 29)]
[Ethereum(id: 0)]
[Module(id: 7)]
[Method(id: 2)]
[Module(id: 0)]
[Ethereum(id: 38)]
[Bitcoin(id: 42)]
[Bitcoin(id: 19)]
[Ethereum(id: 36)]
[Module(id: 6)]
[Method(id: 5)]
[Dogecoin(id: 26)]

Discard Deck: [Dogecoin(id: 20)]
[Ethereum(id: 3)]
[Bitcoin(id: 0)]
[Ethereum(id: 8)]
[Bitcoin(id: 6)]
[Method(id: 0)]
[Module(id: 3)]
[Dogecoin(id: 29)]
[Ethereum(id: 0)]
[Module(id: 7)]
[Method(id: 2)]
[Module(id: 0)]
[Ethereum(id: 38)]
[Bitcoin(id: 42)]
[Bitcoin(id: 19)]
[Ethereum(id: 36)]
[Module(id: 6)]
[Method(id: 5)]
[Dogecoin(id: 26)]
[Ethereum(id: 27)]
[Ethereum(id: 39)]
[Bitcoin(id: 51)]
[Bitcoin(id: 31)]
[Method(id: 3)]

Nancy draws [Module(id: 1)] from draw deck.
Nancy draws [Bitcoin(id: 11)] from draw deck.
Nancy draws [Dogecoin(id: 26)] from draw deck.
Nancy draws [Module(id: 3)] from draw deck.
Nancy draws [Module(id: 0)] from draw deck.
[LOG] Nancy -- Turn 1.

[LOG] Nancy's turn ends

[LOG] Nancy -- begins ACTION phase.

[LOG] Nancy -- ends ACTION phase.

[LOG] Nancy played card: [Bitcoin(id: 11)]

[LOG] Nancy played card: [Dogecoin(id: 26)]

[LOG] Nancy gained card: Ethereum

Discard Deck: [Ethereum(id: 4)]

Discard Deck: [Ethereum(id: 4)]
[Bitcoin(id: 11)]
[Dogecoin(id: 26)]
[Module(id: 1)]
[Module(id: 3)]
[Module(id: 0)]

Nancy draws [Ethereum(id: 27)] from draw deck.
Nancy draws [Ethereum(id: 36)] from draw deck.
Nancy draws [Dogecoin(id: 20)] from draw deck.
Nancy draws [Bitcoin(id: 42)] from draw deck.
Nancy draws [Bitcoin(id: 51)] from draw deck.
[LOG] Nancy -- Turn 1.

[LOG] Nancy's turn ends

[LOG] Nancy -- begins ACTION phase.

[LOG] Nancy -- ends ACTION phase.

[LOG] Nancy played card: [Ethereum(id: 27)]

[LOG] Nancy played card: [Ethereum(id: 36)]

[LOG] Nancy played card: [Dogecoin(id: 20)]

[LOG] Nancy played card: [Bitcoin(id: 42)]

[LOG] Nancy played card: [Bitcoin(id: 51)]

[LOG] Nancy gained card: Framework

Discard Deck: [Ethereum(id: 4)]
[Bitcoin(id: 11)]
[Dogecoin(id: 26)]
[Module(id: 1)]
[Module(id: 3)]
[Module(id: 0)]
[Framework(id: 7)]

Discard Deck: [Ethereum(id: 4)]
[Bitcoin(id: 11)]
[Dogecoin(id: 26)]
[Module(id: 1)]
[Module(id: 3)]
[Module(id: 0)]
[Framework(id: 7)]
[Ethereum(id: 27)]
[Ethereum(id: 36)]
[Dogecoin(id: 20)]
[Bitcoin(id: 42)]
[Bitcoin(id: 51)]

Nancy draws [Module(id: 6)] from draw deck.
Nancy draws [Ethereum(id: 39)] from draw deck.
Nancy draws [Ethereum(id: 38)] from draw deck.
Nancy draws [Method(id: 3)] from draw deck.
Nancy draws [Method(id: 2)] from draw deck.
[LOG] Nancy -- Turn 1.

[LOG] Nancy's turn ends

[LOG] Nancy -- begins ACTION phase.

[LOG] Nancy -- ends ACTION phase.

[LOG] Nancy played card: [Ethereum(id: 39)]

[LOG] Nancy played card: [Ethereum(id: 38)]

[LOG] Nancy gained card: Ethereum

Discard Deck: [Ethereum(id: 4)]
[Bitcoin(id: 11)]
[Dogecoin(id: 26)]
[Module(id: 1)]
[Module(id: 3)]
[Module(id: 0)]
[Framework(id: 7)]
[Ethereum(id: 27)]
[Ethereum(id: 36)]
[Dogecoin(id: 20)]
[Bitcoin(id: 42)]
[Bitcoin(id: 51)]
[Ethereum(id: 34)]

Discard Deck: [Ethereum(id: 4)]
[Bitcoin(id: 11)]
[Dogecoin(id: 26)]
[Module(id: 1)]
[Module(id: 3)]
[Module(id: 0)]
[Framework(id: 7)]
[Ethereum(id: 27)]
[Ethereum(id: 36)]
[Dogecoin(id: 20)]
[Bitcoin(id: 42)]
[Bitcoin(id: 51)]
[Ethereum(id: 34)]
[Ethereum(id: 39)]
[Ethereum(id: 38)]
[Module(id: 6)]
[Method(id: 3)]
[Method(id: 2)]

Nancy draws [Method(id: 0)] from draw deck.
Nancy draws [Method(id: 5)] from draw deck.
Nancy draws [Ethereum(id: 0)] from draw deck.
Nancy draws [Bitcoin(id: 19)] from draw deck.
Nancy draws [Bitcoin(id: 0)] from draw deck.
[LOG] Nancy -- Turn 1.

[LOG] Nancy's turn ends

[LOG] Nancy -- begins ACTION phase.

[LOG] Nancy -- ends ACTION phase.

[LOG] Nancy played card: [Ethereum(id: 0)]

[LOG] Nancy played card: [Bitcoin(id: 19)]

[LOG] Nancy played card: [Bitcoin(id: 0)]

[LOG] Nancy gained card: Ethereum

Discard Deck: [Ethereum(id: 4)]
[Bitcoin(id: 11)]
[Dogecoin(id: 26)]
[Module(id: 1)]
[Module(id: 3)]
[Module(id: 0)]
[Framework(id: 7)]
[Ethereum(id: 27)]
[Ethereum(id: 36)]
[Dogecoin(id: 20)]
[Bitcoin(id: 42)]
[Bitcoin(id: 51)]
[Ethereum(id: 34)]
[Ethereum(id: 39)]
[Ethereum(id: 38)]
[Module(id: 6)]
[Method(id: 3)]
[Method(id: 2)]
[Ethereum(id: 24)]

Discard Deck: [Ethereum(id: 4)]
[Bitcoin(id: 11)]
[Dogecoin(id: 26)]
[Module(id: 1)]
[Module(id: 3)]
[Module(id: 0)]
[Framework(id: 7)]
[Ethereum(id: 27)]
[Ethereum(id: 36)]
[Dogecoin(id: 20)]
[Bitcoin(id: 42)]
[Bitcoin(id: 51)]
[Ethereum(id: 34)]
[Ethereum(id: 39)]
[Ethereum(id: 38)]
[Module(id: 6)]
[Method(id: 3)]
[Method(id: 2)]
[Ethereum(id: 24)]
[Ethereum(id: 0)]
[Bitcoin(id: 19)]
[Bitcoin(id: 0)]
[Method(id: 0)]
[Method(id: 5)]

Nancy draws [Module(id: 7)] from draw deck.
Nancy draws [Bitcoin(id: 31)] from draw deck.
Nancy draws [Ethereum(id: 8)] from draw deck.
Nancy draws [Bitcoin(id: 6)] from draw deck.
Nancy draws [Dogecoin(id: 29)] from draw deck.
[LOG] Nancy -- Turn 1.

[LOG] Nancy's turn ends

[LOG] Nancy -- begins ACTION phase.

[LOG] Nancy -- ends ACTION phase.

[LOG] Nancy played card: [Bitcoin(id: 31)]

[LOG] Nancy played card: [Ethereum(id: 8)]

[LOG] Nancy played card: [Bitcoin(id: 6)]

[LOG] Nancy played card: [Dogecoin(id: 29)]

[LOG] Nancy gained card: Dogecoin

Discard Deck: [Ethereum(id: 4)]
[Bitcoin(id: 11)]
[Dogecoin(id: 26)]
[Module(id: 1)]
[Module(id: 3)]
[Module(id: 0)]
[Framework(id: 7)]
[Ethereum(id: 27)]
[Ethereum(id: 36)]
[Dogecoin(id: 20)]
[Bitcoin(id: 42)]
[Bitcoin(id: 51)]
[Ethereum(id: 34)]
[Ethereum(id: 39)]
[Ethereum(id: 38)]
[Module(id: 6)]
[Method(id: 3)]
[Method(id: 2)]
[Ethereum(id: 24)]
[Ethereum(id: 0)]
[Bitcoin(id: 19)]
[Bitcoin(id: 0)]
[Method(id: 0)]
[Method(id: 5)]
[Dogecoin(id: 6)]

Discard Deck: [Ethereum(id: 4)]
[Bitcoin(id: 11)]
[Dogecoin(id: 26)]
[Module(id: 1)]
[Module(id: 3)]
[Module(id: 0)]
[Framework(id: 7)]
[Ethereum(id: 27)]
[Ethereum(id: 36)]
[Dogecoin(id: 20)]
[Bitcoin(id: 42)]
[Bitcoin(id: 51)]
[Ethereum(id: 34)]
[Ethereum(id: 39)]
[Ethereum(id: 38)]
[Module(id: 6)]
[Method(id: 3)]
[Method(id: 2)]
[Ethereum(id: 24)]
[Ethereum(id: 0)]
[Bitcoin(id: 19)]
[Bitcoin(id: 0)]
[Method(id: 0)]
[Method(id: 5)]
[Dogecoin(id: 6)]
[Bitcoin(id: 31)]
[Ethereum(id: 8)]
[Bitcoin(id: 6)]
[Dogecoin(id: 29)]
[Module(id: 7)]

Nancy draws [Ethereum(id: 3)] from draw deck.
Nancy draws [Bitcoin(id: 19)] from draw deck.
Nancy draws [Module(id: 3)] from draw deck.
Nancy draws [Bitcoin(id: 51)] from draw deck.
Nancy draws [Bitcoin(id: 0)] from draw deck.
[LOG] Nancy -- Turn 1.

[LOG] Nancy's turn ends

[LOG] Nancy -- begins ACTION phase.

[LOG] Nancy -- ends ACTION phase.

[LOG] Nancy played card: [Ethereum(id: 3)]

[LOG] Nancy played card: [Bitcoin(id: 19)]

[LOG] Nancy played card: [Bitcoin(id: 51)]

[LOG] Nancy played card: [Bitcoin(id: 0)]

[LOG] Nancy gained card: Module

Discard Deck: [Module(id: 5)]

Discard Deck: [Module(id: 5)]
[Ethereum(id: 3)]
[Bitcoin(id: 19)]
[Bitcoin(id: 51)]
[Bitcoin(id: 0)]
[Module(id: 3)]

Nancy draws [Module(id: 7)] from draw deck.
Nancy draws [Ethereum(id: 0)] from draw deck.
Nancy draws [Dogecoin(id: 29)] from draw deck.
Nancy draws [Bitcoin(id: 11)] from draw deck.
Nancy draws [Module(id: 0)] from draw deck.
[LOG] Nancy -- Turn 1.

[LOG] Nancy's turn ends

[LOG] Nancy -- begins ACTION phase.

[LOG] Nancy -- ends ACTION phase.

[LOG] Nancy played card: [Ethereum(id: 0)]

[LOG] Nancy played card: [Dogecoin(id: 29)]

[LOG] Nancy played card: [Bitcoin(id: 11)]

[LOG] Nancy gained card: Dogecoin

Discard Deck: [Module(id: 5)]
[Ethereum(id: 3)]
[Bitcoin(id: 19)]
[Bitcoin(id: 51)]
[Bitcoin(id: 0)]
[Module(id: 3)]
[Dogecoin(id: 9)]

Discard Deck: [Module(id: 5)]
[Ethereum(id: 3)]
[Bitcoin(id: 19)]
[Bitcoin(id: 51)]
[Bitcoin(id: 0)]
[Module(id: 3)]
[Dogecoin(id: 9)]
[Ethereum(id: 0)]
[Dogecoin(id: 29)]
[Bitcoin(id: 11)]
[Module(id: 7)]
[Module(id: 0)]

Nancy draws [Dogecoin(id: 20)] from draw deck.
Nancy draws [Ethereum(id: 8)] from draw deck.
Nancy draws [Ethereum(id: 24)] from draw deck.
Nancy draws [Method(id: 2)] from draw deck.
Nancy draws [Method(id: 0)] from draw deck.
[LOG] Nancy -- Turn 1.

[LOG] Nancy's turn ends

[LOG] Nancy -- begins ACTION phase.

[LOG] Nancy -- ends ACTION phase.

[LOG] Nancy played card: [Dogecoin(id: 20)]

[LOG] Nancy played card: [Ethereum(id: 8)]

[LOG] Nancy played card: [Ethereum(id: 24)]

[LOG] Nancy gained card: Dogecoin

Discard Deck: [Module(id: 5)]
[Ethereum(id: 3)]
[Bitcoin(id: 19)]
[Bitcoin(id: 51)]
[Bitcoin(id: 0)]
[Module(id: 3)]
[Dogecoin(id: 9)]
[Ethereum(id: 0)]
[Dogecoin(id: 29)]
[Bitcoin(id: 11)]
[Module(id: 7)]
[Module(id: 0)]
[Dogecoin(id: 13)]

Discard Deck: [Module(id: 5)]
[Ethereum(id: 3)]
[Bitcoin(id: 19)]
[Bitcoin(id: 51)]
[Bitcoin(id: 0)]
[Module(id: 3)]
[Dogecoin(id: 9)]
[Ethereum(id: 0)]
[Dogecoin(id: 29)]
[Bitcoin(id: 11)]
[Module(id: 7)]
[Module(id: 0)]
[Dogecoin(id: 13)]
[Dogecoin(id: 20)]
[Ethereum(id: 8)]
[Ethereum(id: 24)]
[Method(id: 2)]
[Method(id: 0)]

Nancy draws [Ethereum(id: 36)] from draw deck.
Nancy draws [Ethereum(id: 27)] from draw deck.
Nancy draws [Module(id: 1)] from draw deck.
Nancy draws [Module(id: 6)] from draw deck.
Nancy draws [Dogecoin(id: 6)] from draw deck.
[LOG] Nancy -- Turn 1.

[LOG] Nancy's turn ends

[LOG] Nancy -- begins ACTION phase.

[LOG] Nancy -- ends ACTION phase.

[LOG] Nancy played card: [Ethereum(id: 36)]

[LOG] Nancy played card: [Ethereum(id: 27)]

[LOG] Nancy played card: [Dogecoin(id: 6)]

[LOG] Nancy gained card: Dogecoin

Discard Deck: [Module(id: 5)]
[Ethereum(id: 3)]
[Bitcoin(id: 19)]
[Bitcoin(id: 51)]
[Bitcoin(id: 0)]
[Module(id: 3)]
[Dogecoin(id: 9)]
[Ethereum(id: 0)]
[Dogecoin(id: 29)]
[Bitcoin(id: 11)]
[Module(id: 7)]
[Module(id: 0)]
[Dogecoin(id: 13)]
[Dogecoin(id: 20)]
[Ethereum(id: 8)]
[Ethereum(id: 24)]
[Method(id: 2)]
[Method(id: 0)]
[Dogecoin(id: 23)]

Discard Deck: [Module(id: 5)]
[Ethereum(id: 3)]
[Bitcoin(id: 19)]
[Bitcoin(id: 51)]
[Bitcoin(id: 0)]
[Module(id: 3)]
[Dogecoin(id: 9)]
[Ethereum(id: 0)]
[Dogecoin(id: 29)]
[Bitcoin(id: 11)]
[Module(id: 7)]
[Module(id: 0)]
[Dogecoin(id: 13)]
[Dogecoin(id: 20)]
[Ethereum(id: 8)]
[Ethereum(id: 24)]
[Method(id: 2)]
[Method(id: 0)]
[Dogecoin(id: 23)]
[Ethereum(id: 36)]
[Ethereum(id: 27)]
[Dogecoin(id: 6)]
[Module(id: 1)]
[Module(id: 6)]

Nancy draws [Bitcoin(id: 6)] from draw deck.
Nancy draws [Method(id: 5)] from draw deck.
Nancy draws [Framework(id: 7)] from draw deck.
Nancy draws [Ethereum(id: 34)] from draw deck.
Nancy draws [Ethereum(id: 4)] from draw deck.
[LOG] Nancy -- Turn 1.

[LOG] Nancy's turn ends

[LOG] Nancy -- begins ACTION phase.

[LOG] Nancy -- ends ACTION phase.

[LOG] Nancy played card: [Bitcoin(id: 6)]

[LOG] Nancy played card: [Ethereum(id: 34)]

[LOG] Nancy played card: [Ethereum(id: 4)]

[LOG] Nancy gained card: Module

Discard Deck: [Module(id: 5)]
[Ethereum(id: 3)]
[Bitcoin(id: 19)]
[Bitcoin(id: 51)]
[Bitcoin(id: 0)]
[Module(id: 3)]
[Dogecoin(id: 9)]
[Ethereum(id: 0)]
[Dogecoin(id: 29)]
[Bitcoin(id: 11)]
[Module(id: 7)]
[Module(id: 0)]
[Dogecoin(id: 13)]
[Dogecoin(id: 20)]
[Ethereum(id: 8)]
[Ethereum(id: 24)]
[Method(id: 2)]
[Method(id: 0)]
[Dogecoin(id: 23)]
[Ethereum(id: 36)]
[Ethereum(id: 27)]
[Dogecoin(id: 6)]
[Module(id: 1)]
[Module(id: 6)]
[Module(id: 2)]

Discard Deck: [Module(id: 5)]
[Ethereum(id: 3)]
[Bitcoin(id: 19)]
[Bitcoin(id: 51)]
[Bitcoin(id: 0)]
[Module(id: 3)]
[Dogecoin(id: 9)]
[Ethereum(id: 0)]
[Dogecoin(id: 29)]
[Bitcoin(id: 11)]
[Module(id: 7)]
[Module(id: 0)]
[Dogecoin(id: 13)]
[Dogecoin(id: 20)]
[Ethereum(id: 8)]
[Ethereum(id: 24)]
[Method(id: 2)]
[Method(id: 0)]
[Dogecoin(id: 23)]
[Ethereum(id: 36)]
[Ethereum(id: 27)]
[Dogecoin(id: 6)]
[Module(id: 1)]
[Module(id: 6)]
[Module(id: 2)]
[Bitcoin(id: 6)]
[Ethereum(id: 34)]
[Ethereum(id: 4)]
[Method(id: 5)]
[Framework(id: 7)]

Nancy draws [Bitcoin(id: 42)] from draw deck.
Nancy draws [Method(id: 3)] from draw deck.
Nancy draws [Ethereum(id: 39)] from draw deck.
Nancy draws [Dogecoin(id: 26)] from draw deck.
Nancy draws [Ethereum(id: 38)] from draw deck.
[LOG] Nancy -- Turn 1.

[LOG] Nancy's turn ends

[LOG] Nancy -- begins ACTION phase.

[LOG] Nancy -- ends ACTION phase.

[LOG] Nancy played card: [Bitcoin(id: 42)]

[LOG] Nancy played card: [Ethereum(id: 39)]

[LOG] Nancy played card: [Dogecoin(id: 26)]

[LOG] Nancy played card: [Ethereum(id: 38)]

[LOG] Nancy gained card: Framework

Discard Deck: [Module(id: 5)]
[Ethereum(id: 3)]
[Bitcoin(id: 19)]
[Bitcoin(id: 51)]
[Bitcoin(id: 0)]
[Module(id: 3)]
[Dogecoin(id: 9)]
[Ethereum(id: 0)]
[Dogecoin(id: 29)]
[Bitcoin(id: 11)]
[Module(id: 7)]
[Module(id: 0)]
[Dogecoin(id: 13)]
[Dogecoin(id: 20)]
[Ethereum(id: 8)]
[Ethereum(id: 24)]
[Method(id: 2)]
[Method(id: 0)]
[Dogecoin(id: 23)]
[Ethereum(id: 36)]
[Ethereum(id: 27)]
[Dogecoin(id: 6)]
[Module(id: 1)]
[Module(id: 6)]
[Module(id: 2)]
[Bitcoin(id: 6)]
[Ethereum(id: 34)]
[Ethereum(id: 4)]
[Method(id: 5)]
[Framework(id: 7)]
[Framework(id: 2)]

Discard Deck: [Module(id: 5)]
[Ethereum(id: 3)]
[Bitcoin(id: 19)]
[Bitcoin(id: 51)]
[Bitcoin(id: 0)]
[Module(id: 3)]
[Dogecoin(id: 9)]
[Ethereum(id: 0)]
[Dogecoin(id: 29)]
[Bitcoin(id: 11)]
[Module(id: 7)]
[Module(id: 0)]
[Dogecoin(id: 13)]
[Dogecoin(id: 20)]
[Ethereum(id: 8)]
[Ethereum(id: 24)]
[Method(id: 2)]
[Method(id: 0)]
[Dogecoin(id: 23)]
[Ethereum(id: 36)]
[Ethereum(id: 27)]
[Dogecoin(id: 6)]
[Module(id: 1)]
[Module(id: 6)]
[Module(id: 2)]
[Bitcoin(id: 6)]
[Ethereum(id: 34)]
[Ethereum(id: 4)]
[Method(id: 5)]
[Framework(id: 7)]
[Framework(id: 2)]
[Bitcoin(id: 42)]
[Ethereum(id: 39)]
[Dogecoin(id: 26)]
[Ethereum(id: 38)]
[Method(id: 3)]

Nancy draws [Bitcoin(id: 31)] from draw deck.
Nancy draws [Module(id: 2)] from draw deck.
Nancy draws [Ethereum(id: 36)] from draw deck.
Nancy draws [Module(id: 0)] from draw deck.
Nancy draws [Module(id: 7)] from draw deck.
[LOG] Nancy -- Turn 1.

[LOG] Nancy's turn ends

[LOG] Nancy -- begins ACTION phase.

[LOG] Nancy -- ends ACTION phase.

[LOG] Nancy played card: [Bitcoin(id: 31)]

[LOG] Nancy played card: [Ethereum(id: 36)]

[LOG] Nancy gained card: Ethereum

Discard Deck: [Ethereum(id: 35)]

Discard Deck: [Ethereum(id: 35)]
[Bitcoin(id: 31)]
[Ethereum(id: 36)]
[Module(id: 2)]
[Module(id: 0)]
[Module(id: 7)]

Nancy draws [Ethereum(id: 8)] from draw deck.
Nancy draws [Dogecoin(id: 20)] from draw deck.
Nancy draws [Ethereum(id: 27)] from draw deck.
Nancy draws [Framework(id: 2)] from draw deck.
Nancy draws [Ethereum(id: 38)] from draw deck.
[LOG] Nancy -- Turn 1.

[LOG] Nancy's turn ends

[LOG] Nancy -- begins ACTION phase.

[LOG] Nancy -- ends ACTION phase.

[LOG] Nancy played card: [Ethereum(id: 8)]

[LOG] Nancy played card: [Dogecoin(id: 20)]

[LOG] Nancy played card: [Ethereum(id: 27)]

[LOG] Nancy played card: [Ethereum(id: 38)]

[LOG] Nancy gained card: Framework

Discard Deck: [Ethereum(id: 35)]
[Bitcoin(id: 31)]
[Ethereum(id: 36)]
[Module(id: 2)]
[Module(id: 0)]
[Module(id: 7)]
[Framework(id: 6)]

Discard Deck: [Ethereum(id: 35)]
[Bitcoin(id: 31)]
[Ethereum(id: 36)]
[Module(id: 2)]
[Module(id: 0)]
[Module(id: 7)]
[Framework(id: 6)]
[Ethereum(id: 8)]
[Dogecoin(id: 20)]
[Ethereum(id: 27)]
[Ethereum(id: 38)]
[Framework(id: 2)]

Nancy draws [Bitcoin(id: 6)] from draw deck.
Nancy draws [Method(id: 3)] from draw deck.
Nancy draws [Method(id: 2)] from draw deck.
Nancy draws [Module(id: 6)] from draw deck.
Nancy draws [Bitcoin(id: 11)] from draw deck.
[LOG] Nancy -- Turn 1.

[LOG] Nancy's turn ends

[LOG] Nancy -- begins ACTION phase.

[LOG] Nancy -- ends ACTION phase.

[LOG] Nancy played card: [Bitcoin(id: 6)]

[LOG] Nancy played card: [Bitcoin(id: 11)]

[LOG] Nancy gained card: Method

Discard Deck: [Ethereum(id: 35)]
[Bitcoin(id: 31)]
[Ethereum(id: 36)]
[Module(id: 2)]
[Module(id: 0)]
[Module(id: 7)]
[Framework(id: 6)]
[Ethereum(id: 8)]
[Dogecoin(id: 20)]
[Ethereum(id: 27)]
[Ethereum(id: 38)]
[Framework(id: 2)]
[Method(id: 4)]

Discard Deck: [Ethereum(id: 35)]
[Bitcoin(id: 31)]
[Ethereum(id: 36)]
[Module(id: 2)]
[Module(id: 0)]
[Module(id: 7)]
[Framework(id: 6)]
[Ethereum(id: 8)]
[Dogecoin(id: 20)]
[Ethereum(id: 27)]
[Ethereum(id: 38)]
[Framework(id: 2)]
[Method(id: 4)]
[Bitcoin(id: 6)]
[Bitcoin(id: 11)]
[Method(id: 3)]
[Method(id: 2)]
[Module(id: 6)]

Nancy draws [Module(id: 3)] from draw deck.
Nancy draws [Framework(id: 7)] from draw deck.
Nancy draws [Dogecoin(id: 6)] from draw deck.
Nancy draws [Method(id: 5)] from draw deck.
Nancy draws [Ethereum(id: 4)] from draw deck.
[LOG] Nancy -- Turn 1.

[LOG] Nancy's turn ends

[LOG] Nancy -- begins ACTION phase.

[LOG] Nancy -- ends ACTION phase.

[LOG] Nancy played card: [Dogecoin(id: 6)]

[LOG] Nancy played card: [Ethereum(id: 4)]

[LOG] Nancy gained card: Module

Discard Deck: [Ethereum(id: 35)]
[Bitcoin(id: 31)]
[Ethereum(id: 36)]
[Module(id: 2)]
[Module(id: 0)]
[Module(id: 7)]
[Framework(id: 6)]
[Ethereum(id: 8)]
[Dogecoin(id: 20)]
[Ethereum(id: 27)]
[Ethereum(id: 38)]
[Framework(id: 2)]
[Method(id: 4)]
[Bitcoin(id: 6)]
[Bitcoin(id: 11)]
[Method(id: 3)]
[Method(id: 2)]
[Module(id: 6)]
[Module(id: 4)]

Discard Deck: [Ethereum(id: 35)]
[Bitcoin(id: 31)]
[Ethereum(id: 36)]
[Module(id: 2)]
[Module(id: 0)]
[Module(id: 7)]
[Framework(id: 6)]
[Ethereum(id: 8)]
[Dogecoin(id: 20)]
[Ethereum(id: 27)]
[Ethereum(id: 38)]
[Framework(id: 2)]
[Method(id: 4)]
[Bitcoin(id: 6)]
[Bitcoin(id: 11)]
[Method(id: 3)]
[Method(id: 2)]
[Module(id: 6)]
[Module(id: 4)]
[Dogecoin(id: 6)]
[Ethereum(id: 4)]
[Module(id: 3)]
[Framework(id: 7)]
[Method(id: 5)]

Nancy draws [Module(id: 1)] from draw deck.
Nancy draws [Bitcoin(id: 51)] from draw deck.
Nancy draws [Dogecoin(id: 26)] from draw deck.
Nancy draws [Ethereum(id: 24)] from draw deck.
Nancy draws [Dogecoin(id: 23)] from draw deck.
[LOG] Nancy -- Turn 1.

[LOG] Nancy's turn ends

[LOG] Nancy -- begins ACTION phase.

[LOG] Nancy -- ends ACTION phase.

[LOG] Nancy played card: [Bitcoin(id: 51)]

[LOG] Nancy played card: [Dogecoin(id: 26)]

[LOG] Nancy played card: [Ethereum(id: 24)]

[LOG] Nancy played card: [Dogecoin(id: 23)]

[LOG] Nancy gained card: Framework

Discard Deck: [Ethereum(id: 35)]
[Bitcoin(id: 31)]
[Ethereum(id: 36)]
[Module(id: 2)]
[Module(id: 0)]
[Module(id: 7)]
[Framework(id: 6)]
[Ethereum(id: 8)]
[Dogecoin(id: 20)]
[Ethereum(id: 27)]
[Ethereum(id: 38)]
[Framework(id: 2)]
[Method(id: 4)]
[Bitcoin(id: 6)]
[Bitcoin(id: 11)]
[Method(id: 3)]
[Method(id: 2)]
[Module(id: 6)]
[Module(id: 4)]
[Dogecoin(id: 6)]
[Ethereum(id: 4)]
[Module(id: 3)]
[Framework(id: 7)]
[Method(id: 5)]
[Framework(id: 1)]

Discard Deck: [Ethereum(id: 35)]
[Bitcoin(id: 31)]
[Ethereum(id: 36)]
[Module(id: 2)]
[Module(id: 0)]
[Module(id: 7)]
[Framework(id: 6)]
[Ethereum(id: 8)]
[Dogecoin(id: 20)]
[Ethereum(id: 27)]
[Ethereum(id: 38)]
[Framework(id: 2)]
[Method(id: 4)]
[Bitcoin(id: 6)]
[Bitcoin(id: 11)]
[Method(id: 3)]
[Method(id: 2)]
[Module(id: 6)]
[Module(id: 4)]
[Dogecoin(id: 6)]
[Ethereum(id: 4)]
[Module(id: 3)]
[Framework(id: 7)]
[Method(id: 5)]
[Framework(id: 1)]
[Bitcoin(id: 51)]
[Dogecoin(id: 26)]
[Ethereum(id: 24)]
[Dogecoin(id: 23)]
[Module(id: 1)]

Nancy draws [Ethereum(id: 3)] from draw deck.
Nancy draws [Module(id: 5)] from draw deck.
Nancy draws [Dogecoin(id: 29)] from draw deck.
Nancy draws [Dogecoin(id: 9)] from draw deck.
Nancy draws [Ethereum(id: 0)] from draw deck.
[LOG] Nancy -- Turn 1.

[LOG] Nancy's turn ends

[LOG] Nancy -- begins ACTION phase.

[LOG] Nancy -- ends ACTION phase.

[LOG] Nancy played card: [Ethereum(id: 3)]

[LOG] Nancy played card: [Dogecoin(id: 29)]

[LOG] Nancy played card: [Dogecoin(id: 9)]

[LOG] Nancy played card: [Ethereum(id: 0)]

[LOG] Nancy gained card: Framework

Discard Deck: [Ethereum(id: 35)]
[Bitcoin(id: 31)]
[Ethereum(id: 36)]
[Module(id: 2)]
[Module(id: 0)]
[Module(id: 7)]
[Framework(id: 6)]
[Ethereum(id: 8)]
[Dogecoin(id: 20)]
[Ethereum(id: 27)]
[Ethereum(id: 38)]
[Framework(id: 2)]
[Method(id: 4)]
[Bitcoin(id: 6)]
[Bitcoin(id: 11)]
[Method(id: 3)]
[Method(id: 2)]
[Module(id: 6)]
[Module(id: 4)]
[Dogecoin(id: 6)]
[Ethereum(id: 4)]
[Module(id: 3)]
[Framework(id: 7)]
[Method(id: 5)]
[Framework(id: 1)]
[Bitcoin(id: 51)]
[Dogecoin(id: 26)]
[Ethereum(id: 24)]
[Dogecoin(id: 23)]
[Module(id: 1)]
[Framework(id: 4)]

Discard Deck: [Ethereum(id: 35)]
[Bitcoin(id: 31)]
[Ethereum(id: 36)]
[Module(id: 2)]
[Module(id: 0)]
[Module(id: 7)]
[Framework(id: 6)]
[Ethereum(id: 8)]
[Dogecoin(id: 20)]
[Ethereum(id: 27)]
[Ethereum(id: 38)]
[Framework(id: 2)]
[Method(id: 4)]
[Bitcoin(id: 6)]
[Bitcoin(id: 11)]
[Method(id: 3)]
[Method(id: 2)]
[Module(id: 6)]
[Module(id: 4)]
[Dogecoin(id: 6)]
[Ethereum(id: 4)]
[Module(id: 3)]
[Framework(id: 7)]
[Method(id: 5)]
[Framework(id: 1)]
[Bitcoin(id: 51)]
[Dogecoin(id: 26)]
[Ethereum(id: 24)]
[Dogecoin(id: 23)]
[Module(id: 1)]
[Framework(id: 4)]
[Ethereum(id: 3)]
[Dogecoin(id: 29)]
[Dogecoin(id: 9)]
[Ethereum(id: 0)]
[Module(id: 5)]

Nancy draws [Bitcoin(id: 19)] from draw deck.
Nancy draws [Bitcoin(id: 42)] from draw deck.
Nancy draws [Bitcoin(id: 0)] from draw deck.
Nancy draws [Method(id: 0)] from draw deck.
Nancy draws [Dogecoin(id: 13)] from draw deck.
[LOG] Nancy -- Turn 1.

[LOG] Nancy's turn ends

[LOG] Nancy -- begins ACTION phase.

[LOG] Nancy -- ends ACTION phase.

[LOG] Nancy played card: [Bitcoin(id: 19)]

[LOG] Nancy played card: [Bitcoin(id: 42)]

[LOG] Nancy played card: [Bitcoin(id: 0)]

[LOG] Nancy played card: [Dogecoin(id: 13)]

[LOG] Nancy gained card: Dogecoin

Discard Deck: [Ethereum(id: 35)]
[Bitcoin(id: 31)]
[Ethereum(id: 36)]
[Module(id: 2)]
[Module(id: 0)]
[Module(id: 7)]
[Framework(id: 6)]
[Ethereum(id: 8)]
[Dogecoin(id: 20)]
[Ethereum(id: 27)]
[Ethereum(id: 38)]
[Framework(id: 2)]
[Method(id: 4)]
[Bitcoin(id: 6)]
[Bitcoin(id: 11)]
[Method(id: 3)]
[Method(id: 2)]
[Module(id: 6)]
[Module(id: 4)]
[Dogecoin(id: 6)]
[Ethereum(id: 4)]
[Module(id: 3)]
[Framework(id: 7)]
[Method(id: 5)]
[Framework(id: 1)]
[Bitcoin(id: 51)]
[Dogecoin(id: 26)]
[Ethereum(id: 24)]
[Dogecoin(id: 23)]
[Module(id: 1)]
[Framework(id: 4)]
[Ethereum(id: 3)]
[Dogecoin(id: 29)]
[Dogecoin(id: 9)]
[Ethereum(id: 0)]
[Module(id: 5)]
[Dogecoin(id: 7)]

Discard Deck: [Ethereum(id: 35)]
[Bitcoin(id: 31)]
[Ethereum(id: 36)]
[Module(id: 2)]
[Module(id: 0)]
[Module(id: 7)]
[Framework(id: 6)]
[Ethereum(id: 8)]
[Dogecoin(id: 20)]
[Ethereum(id: 27)]
[Ethereum(id: 38)]
[Framework(id: 2)]
[Method(id: 4)]
[Bitcoin(id: 6)]
[Bitcoin(id: 11)]
[Method(id: 3)]
[Method(id: 2)]
[Module(id: 6)]
[Module(id: 4)]
[Dogecoin(id: 6)]
[Ethereum(id: 4)]
[Module(id: 3)]
[Framework(id: 7)]
[Method(id: 5)]
[Framework(id: 1)]
[Bitcoin(id: 51)]
[Dogecoin(id: 26)]
[Ethereum(id: 24)]
[Dogecoin(id: 23)]
[Module(id: 1)]
[Framework(id: 4)]
[Ethereum(id: 3)]
[Dogecoin(id: 29)]
[Dogecoin(id: 9)]
[Ethereum(id: 0)]
[Module(id: 5)]
[Dogecoin(id: 7)]
[Bitcoin(id: 19)]
[Bitcoin(id: 42)]
[Bitcoin(id: 0)]
[Dogecoin(id: 13)]
[Method(id: 0)]

Nancy draws [Ethereum(id: 34)] from draw deck.
Nancy draws [Ethereum(id: 39)] from draw deck.
Nancy draws [Ethereum(id: 0)] from draw deck.
Nancy draws [Module(id: 0)] from draw deck.
Nancy draws [Ethereum(id: 36)] from draw deck.
[LOG] Nancy -- Turn 1.

[LOG] Nancy's turn ends

[LOG] Nancy -- begins ACTION phase.

[LOG] Nancy -- ends ACTION phase.

[LOG] Nancy played card: [Ethereum(id: 34)]

[LOG] Nancy played card: [Ethereum(id: 39)]

[LOG] Nancy played card: [Ethereum(id: 0)]

[LOG] Nancy played card: [Ethereum(id: 36)]

[LOG] Nancy gained card: Framework

Discard Deck: [Framework(id: 3)]

Discard Deck: [Framework(id: 3)]
[Ethereum(id: 34)]
[Ethereum(id: 39)]
[Ethereum(id: 0)]
[Ethereum(id: 36)]
[Module(id: 0)]

Nancy draws [Module(id: 3)] from draw deck.
Nancy draws [Dogecoin(id: 7)] from draw deck.
Nancy draws [Ethereum(id: 27)] from draw deck.
Nancy draws [Bitcoin(id: 6)] from draw deck.
Nancy draws [Ethereum(id: 4)] from draw deck.
[LOG] Nancy -- Turn 1.

[LOG] Nancy's turn ends

[LOG] Nancy -- begins ACTION phase.

[LOG] Nancy -- ends ACTION phase.

[LOG] Nancy played card: [Dogecoin(id: 7)]

[LOG] Nancy played card: [Ethereum(id: 27)]

[LOG] Nancy played card: [Bitcoin(id: 6)]

[LOG] Nancy played card: [Ethereum(id: 4)]

[LOG] Nancy gained card: Framework

Discard Deck: [Framework(id: 3)]
[Ethereum(id: 34)]
[Ethereum(id: 39)]
[Ethereum(id: 0)]
[Ethereum(id: 36)]
[Module(id: 0)]
[Framework(id: 5)]

Discard Deck: [Framework(id: 3)]
[Ethereum(id: 34)]
[Ethereum(id: 39)]
[Ethereum(id: 0)]
[Ethereum(id: 36)]
[Module(id: 0)]
[Framework(id: 5)]
[Dogecoin(id: 7)]
[Ethereum(id: 27)]
[Bitcoin(id: 6)]
[Ethereum(id: 4)]
[Module(id: 3)]

Nancy draws [Module(id: 7)] from draw deck.
Nancy draws [Method(id: 0)] from draw deck.
Nancy draws [Module(id: 2)] from draw deck.
Nancy draws [Dogecoin(id: 13)] from draw deck.
Nancy draws [Framework(id: 1)] from draw deck.
[LOG] Nancy -- Turn 1.

[LOG] Nancy's turn ends

[LOG] Nancy -- begins ACTION phase.

[LOG] Nancy -- ends ACTION phase.

[LOG] Nancy played card: [Dogecoin(id: 13)]

[LOG] Nancy gained card: Ethereum

Discard Deck: [Framework(id: 3)]
[Ethereum(id: 34)]
[Ethereum(id: 39)]
[Ethereum(id: 0)]
[Ethereum(id: 36)]
[Module(id: 0)]
[Framework(id: 5)]
[Dogecoin(id: 7)]
[Ethereum(id: 27)]
[Bitcoin(id: 6)]
[Ethereum(id: 4)]
[Module(id: 3)]
[Ethereum(id: 13)]

Discard Deck: [Framework(id: 3)]
[Ethereum(id: 34)]
[Ethereum(id: 39)]
[Ethereum(id: 0)]
[Ethereum(id: 36)]
[Module(id: 0)]
[Framework(id: 5)]
[Dogecoin(id: 7)]
[Ethereum(id: 27)]
[Bitcoin(id: 6)]
[Ethereum(id: 4)]
[Module(id: 3)]
[Ethereum(id: 13)]
[Dogecoin(id: 13)]
[Module(id: 7)]
[Method(id: 0)]
[Module(id: 2)]
[Framework(id: 1)]

Nancy draws [Dogecoin(id: 26)] from draw deck.
Nancy draws [Dogecoin(id: 29)] from draw deck.
Nancy draws [Dogecoin(id: 6)] from draw deck.
Nancy draws [Framework(id: 6)] from draw deck.
Nancy draws [Bitcoin(id: 42)] from draw deck.
[LOG] Nancy -- Turn 1.

[LOG] Nancy's turn ends

[LOG] Nancy -- begins ACTION phase.

[LOG] Nancy -- ends ACTION phase.

[LOG] Nancy played card: [Dogecoin(id: 26)]

[LOG] Nancy played card: [Dogecoin(id: 29)]

[LOG] Nancy played card: [Dogecoin(id: 6)]

[LOG] Nancy played card: [Bitcoin(id: 42)]

[LOG] Nancy gained card: Framework

Discard Deck: [Framework(id: 3)]
[Ethereum(id: 34)]
[Ethereum(id: 39)]
[Ethereum(id: 0)]
[Ethereum(id: 36)]
[Module(id: 0)]
[Framework(id: 5)]
[Dogecoin(id: 7)]
[Ethereum(id: 27)]
[Bitcoin(id: 6)]
[Ethereum(id: 4)]
[Module(id: 3)]
[Ethereum(id: 13)]
[Dogecoin(id: 13)]
[Module(id: 7)]
[Method(id: 0)]
[Module(id: 2)]
[Framework(id: 1)]
[Framework(id: 0)]

Discard Deck: [Framework(id: 3)]
[Ethereum(id: 34)]
[Ethereum(id: 39)]
[Ethereum(id: 0)]
[Ethereum(id: 36)]
[Module(id: 0)]
[Framework(id: 5)]
[Dogecoin(id: 7)]
[Ethereum(id: 27)]
[Bitcoin(id: 6)]
[Ethereum(id: 4)]
[Module(id: 3)]
[Ethereum(id: 13)]
[Dogecoin(id: 13)]
[Module(id: 7)]
[Method(id: 0)]
[Module(id: 2)]
[Framework(id: 1)]
[Framework(id: 0)]
[Dogecoin(id: 26)]
[Dogecoin(id: 29)]
[Dogecoin(id: 6)]
[Bitcoin(id: 42)]
[Framework(id: 6)]

Nancy draws [Ethereum(id: 24)] from draw deck.
Nancy draws [Dogecoin(id: 20)] from draw deck.
Nancy draws [Dogecoin(id: 9)] from draw deck.
Nancy draws [Ethereum(id: 3)] from draw deck.
Nancy draws [Bitcoin(id: 0)] from draw deck.
[LOG] Nancy -- Turn 1.

[LOG] Nancy's turn ends

]]></system-out>
  </testcase>
  <testcase name="testProcessBacklogEffect" classname="edu.brandeis.cosi103a.groupb.EngineTest" time="0">
    <system-out><![CDATA[Physical deck initialized with 260 cards.
Initialized Nancy's draw deck.
Nancy draws [Bitcoin(id: 38)] from draw deck.
Nancy draws [Bitcoin(id: 36)] from draw deck.
Nancy draws [Method(id: 12)] from draw deck.
Nancy draws [Bitcoin(id: 2)] from draw deck.
Nancy draws [Bitcoin(id: 4)] from draw deck.
[LOG] Nancy -- Turn 1.

Processing BACKLOG effect for Nancy
Nancy discards 0 card(s) via BACKLOG.
Nancy no. of actions after BACKLOG: 1
]]></system-out>
  </testcase>
  <testcase name="testProcessIpoEffect" classname="edu.brandeis.cosi103a.groupb.EngineTest" time="0.001">
    <system-out><![CDATA[Physical deck initialized with 260 cards.
Initialized Nancy's draw deck.
Nancy draws [Bitcoin(id: 55)] from draw deck.
Nancy draws [Method(id: 12)] from draw deck.
Nancy draws [Bitcoin(id: 5)] from draw deck.
Nancy draws [Method(id: 6)] from draw deck.
Nancy draws [Bitcoin(id: 16)] from draw deck.
[LOG] Nancy -- Turn 1.

Processing IPO effect for Nancy
Nancy draws [Bitcoin(id: 44)] from draw deck.
Nancy draws [Method(id: 8)] from draw deck.
Nancy draws 2 cards. The available actions now are 1 and money are updated to: 2
]]></system-out>
  </testcase>
</testsuite>