<?xml version="1.0" encoding="UTF-8"?>
<testsuite xmlns:xsi="http://www.w3.org/2001/XMLSchema-instance" xsi:noNamespaceSchemaLocation="https://maven.apache.org/surefire/maven-surefire-plugin/xsd/surefire-test-report-3.0.xsd" version="3.0" name="edu.brandeis.cosi103a.groupb.HarnessTest" time="0.511" tests="7" errors="0" skipped="0" failures="0">
  <properties>
[...]
</properties>
  <testcase name="testObserverNotificationOnPlayCard" classname="edu.brandeis.cosi103a.groupb.HarnessTest" time="0.458">
    <system-out><![CDATA[Physical deck initialized with 160 cards.
Initialized Alice's draw deck.
Alice draws [Method(id: 8)] from draw deck.
Alice draws [Bitcoin(id: 34)] from draw deck.
Alice draws [Method(id: 9)] from draw deck.
Alice draws [Bitcoin(id: 15)] from draw deck.
Alice draws [Bitcoin(id: 13)] from draw deck.
[LOG] Alice -- Turn 1.

Initialized Bot's draw deck.
Bot draws [Bitcoin(id: 39)] from draw deck.
Bot draws [Method(id: 0)] from draw deck.
Bot draws [Bitcoin(id: 35)] from draw deck.
Bot draws [Bitcoin(id: 8)] from draw deck.
Bot draws [Method(id: 12)] from draw deck.
[LOG] Bot -- Turn 1.

Physical deck initialized with 260 cards.
]]></system-out>
    <system-err><![CDATA[WARNING: A Java agent has been loaded dynamically (/Users/huayizhang/.m2/repository/net/bytebuddy/byte-buddy-agent/1.12.19/byte-buddy-agent-1.12.19.jar)
WARNING: If a serviceability tool is in use, please run with -XX:+EnableDynamicAgentLoading to hide this warning
WARNING: If a serviceability tool is not in use, please run with -Djdk.instrument.traceUsage for more information
WARNING: Dynamic loading of agents will be disallowed by default in a future release
]]></system-err>
  </testcase>
  <testcase name="testObserverNotificationOnGainCard" classname="edu.brandeis.cosi103a.groupb.HarnessTest" time="0.001">
    <system-out><![CDATA[Physical deck initialized with 160 cards.
Initialized Alice's draw deck.
Alice draws [Bitcoin(id: 58)] from draw deck.
Alice draws [Bitcoin(id: 38)] from draw deck.
Alice draws [Bitcoin(id: 42)] from draw deck.
Alice draws [Method(id: 10)] from draw deck.
Alice draws [Bitcoin(id: 48)] from draw deck.
[LOG] Alice -- Turn 1.

Initialized Bot's draw deck.
Bot draws [Method(id: 3)] from draw deck.
Bot draws [Method(id: 4)] from draw deck.
Bot draws [Bitcoin(id: 54)] from draw deck.
Bot draws [Bitcoin(id: 39)] from draw deck.
Bot draws [Bitcoin(id: 34)] from draw deck.
[LOG] Bot -- Turn 1.

Physical deck initialized with 260 cards.
]]></system-out>
  </testcase>
  <testcase name="testGameEndDueToPlayerViolationException" classname="edu.brandeis.cosi103a.groupb.HarnessTest" time="0.03">
    <system-out><![CDATA[Physical deck initialized with 160 cards.
Initialized Alice's draw deck.
Alice draws [Bitcoin(id: 40)] from draw deck.
Alice draws [Bitcoin(id: 46)] from draw deck.
Alice draws [Method(id: 5)] from draw deck.
Alice draws [Bitcoin(id: 17)] from draw deck.
Alice draws [Method(id: 2)] from draw deck.
[LOG] Alice -- Turn 1.

Initialized Bot's draw deck.
Bot draws [Method(id: 11)] from draw deck.
Bot draws [Method(id: 3)] from draw deck.
Bot draws [Bitcoin(id: 29)] from draw deck.
Bot draws [Bitcoin(id: 25)] from draw deck.
Bot draws [Bitcoin(id: 18)] from draw deck.
[LOG] Bot -- Turn 1.

]]></system-out>
  </testcase>
  <testcase name="testGamePlay" classname="edu.brandeis.cosi103a.groupb.HarnessTest" time="0.003">
    <system-out><![CDATA[Physical deck initialized with 160 cards.
Initialized Alice's draw deck.
Alice draws [Bitcoin(id: 32)] from draw deck.
Alice draws [Bitcoin(id: 15)] from draw deck.
Alice draws [Bitcoin(id: 27)] from draw deck.
Alice draws [Method(id: 6)] from draw deck.
Alice draws [Bitcoin(id: 38)] from draw deck.
[LOG] Alice -- Turn 1.

Initialized Bot's draw deck.
Bot draws [Method(id: 1)] from draw deck.
Bot draws [Bitcoin(id: 47)] from draw deck.
Bot draws [Bitcoin(id: 42)] from draw deck.
Bot draws [Method(id: 5)] from draw deck.
Bot draws [Method(id: 11)] from draw deck.
[LOG] Bot -- Turn 1.

]]></system-out>
  </testcase>
  <testcase name="testInitialization" classname="edu.brandeis.cosi103a.groupb.HarnessTest" time="0.001">
    <system-out><![CDATA[Physical deck initialized with 160 cards.
Initialized Alice's draw deck.
Alice draws [Bitcoin(id: 31)] from draw deck.
Alice draws [Bitcoin(id: 37)] from draw deck.
Alice draws [Bitcoin(id: 58)] from draw deck.
Alice draws [Bitcoin(id: 28)] from draw deck.
Alice draws [Method(id: 8)] from draw deck.
[LOG] Alice -- Turn 1.

Initialized Bot's draw deck.
Bot draws [Bitcoin(id: 25)] from draw deck.
Bot draws [Bitcoin(id: 30)] from draw deck.
Bot draws [Bitcoin(id: 42)] from draw deck.
Bot draws [Bitcoin(id: 36)] from draw deck.
Bot draws [Method(id: 10)] from draw deck.
[LOG] Bot -- Turn 1.

]]></system-out>
  </testcase>
  <testcase name="testObserverNotificationOnEndTurn" classname="edu.brandeis.cosi103a.groupb.HarnessTest" time="0.002">
    <system-out><![CDATA[Physical deck initialized with 160 cards.
Initialized Alice's draw deck.
Alice draws [Bitcoin(id: 45)] from draw deck.
Alice draws [Bitcoin(id: 55)] from draw deck.
Alice draws [Bitcoin(id: 29)] from draw deck.
Alice draws [Method(id: 13)] from draw deck.
Alice draws [Bitcoin(id: 48)] from draw deck.
[LOG] Alice -- Turn 1.

Initialized Bot's draw deck.
Bot draws [Bitcoin(id: 42)] from draw deck.
Bot draws [Method(id: 9)] from draw deck.
Bot draws [Bitcoin(id: 16)] from draw deck.
Bot draws [Bitcoin(id: 23)] from draw deck.
Bot draws [Bitcoin(id: 15)] from draw deck.
[LOG] Bot -- Turn 1.

Physical deck initialized with 260 cards.
]]></system-out>
  </testcase>
  <testcase name="testWinnerDetermination" classname="edu.brandeis.cosi103a.groupb.HarnessTest" time="0.002">
    <system-out><![CDATA[Physical deck initialized with 160 cards.
Initialized Alice's draw deck.
Alice draws [Bitcoin(id: 32)] from draw deck.
Alice draws [Method(id: 13)] from draw deck.
Alice draws [Bitcoin(id: 0)] from draw deck.
Alice draws [Bitcoin(id: 26)] from draw deck.
Alice draws [Bitcoin(id: 29)] from draw deck.
[LOG] Alice -- Turn 1.

Initialized Bot's draw deck.
Bot draws [Method(id: 0)] from draw deck.
Bot draws [Bitcoin(id: 39)] from draw deck.
Bot draws [Bitcoin(id: 21)] from draw deck.
Bot draws [Bitcoin(id: 11)] from draw deck.
Bot draws [Bitcoin(id: 24)] from draw deck.
[LOG] Bot -- Turn 1.

]]></system-out>
  </testcase>
</testsuite>