<?xml version="1.0" encoding="UTF-8"?>
<testsuite xmlns:xsi="http://www.w3.org/2001/XMLSchema-instance" xsi:noNamespaceSchemaLocation="https://maven.apache.org/surefire/maven-surefire-plugin/xsd/surefire-test-report-3.0.xsd" version="3.0" name="edu.brandeis.cosi103a.groupb.BigMoneyPlayerTest" time="0.006" tests="7" errors="0" skipped="0" failures="0">
  <properties>
[...]
</properties>
  <testcase name="testAdvancedStrategySkipsFrameworkWithEngine" classname="edu.brandeis.cosi103a.groupb.BigMoneyPlayerTest" time="0.002">
    <system-out><![CDATA[Physical deck initialized with 260 cards.
]]></system-out>
  </testcase>
  <testcase name="testMakeDecisionWithBuyPhaseOnlyEndPhase" classname="edu.brandeis.cosi103a.groupb.BigMoneyPlayerTest" time="0"/>
  <testcase name="testMakeDecisionWithMultiplePlayCardDecisions" classname="edu.brandeis.cosi103a.groupb.BigMoneyPlayerTest" time="0.001"/>
  <testcase name="testMakeDecisionWithMoneyPhase" classname="edu.brandeis.cosi103a.groupb.BigMoneyPlayerTest" time="0"/>
  <testcase name="testMakeDecisionWithBuyPhase" classname="edu.brandeis.cosi103a.groupb.BigMoneyPlayerTest" time="0"/>
  <testcase name="testMakeDecisionWithMoneyPhaseOnlyEndPhase" classname="edu.brandeis.cosi103a.groupb.BigMoneyPlayerTest" time="0"/>
  <testcase name="testAdvancedStrategySkipsFramework" classname="edu.brandeis.cosi103a.groupb.BigMoneyPlayerTest" time="0.001"/>
</testsuite>