<?xml version="1.0" encoding="UTF-8"?>
<testsuite xmlns:xsi="http://www.w3.org/2001/XMLSchema-instance" xsi:noNamespaceSchemaLocation="https://maven.apache.org/surefire/maven-surefire-plugin/xsd/surefire-test-report-3.0.xsd" version="3.0" name="edu.brandeis.cosi103a.groupb.HumanPlayerTest" time="0.006" tests="4" errors="0" skipped="0" failures="0">
  <properties>
[...]
</properties>
  <testcase name="testMakeDecisionMultipleOptions" classname="edu.brandeis.cosi103a.groupb.HumanPlayerTest" time="0.003">
    <system-out><![CDATA[[0] Play Bitcoin
[1] End phase: money
[2] End phase: money
Choose an option (enter number): ]]></system-out>
  </testcase>
  <testcase name="testGetName" classname="edu.brandeis.cosi103a.groupb.HumanPlayerTest" time="0.001"/>
  <testcase name="testMakeDecisionEndPhase" classname="edu.brandeis.cosi103a.groupb.HumanPlayerTest" time="0.001">
    <system-out><![CDATA[[0] End phase: money
Choose an option (enter number): ]]></system-out>
  </testcase>
  <testcase name="testMakeDecisionInvalidThenValid" classname="edu.brandeis.cosi103a.groupb.HumanPlayerTest" time="0">
    <system-out><![CDATA[[0] Play Bitcoin
[1] End phase: money
Choose an option (enter number): Invalid choice. Try again: ]]></system-out>
  </testcase>
</testsuite>